2023-02-19 23:21:49.6650 AllServer 0001 (Session.cs:142) { "_t" : "A0002_Login_C2R", "RpcId" : 1, "Account" : "1", "Password" : "1" }
2023-02-19 23:21:49.6989 AllServer 0001 (Session.cs:142) { "_t" : "DBQueryJsonRequest", "RpcId" : 1, "CollectionName" : "AccountInfo", "Json" : "{Account:'1',Password:'1'}" }
2023-02-19 23:21:49.8068 AllServer 0001 (Session.cs:142) { "_t" : "DBQueryJsonResponse", "Components" : [{ "_t" : "AccountInfo", "_id" : NumberLong("101676704060"), "C" : [], "Account" : "1", "Password" : "1" }], "RpcId" : 1, "Error" : 0, "Message" : null }
2023-02-19 23:21:49.8199 AllServer 0001 (Session.cs:142) { "_t" : "A0006_GetLoginKey_R2G", "RpcId" : 2, "UserID" : NumberLong("101676704060") }
2023-02-19 23:21:49.8360 AllServer 0001 (Session.cs:142) { "_t" : "A0006_GetLoginKey_G2R", "RpcId" : 2, "Error" : 0, "Message" : null, "GateLoginKey" : NumberLong("-2333053061570445416") }
2023-02-19 23:21:49.8660 AllServer 0001 (Session.cs:142) { "_t" : "A0003_LoginGate_C2G", "RpcId" : 2, "GateLoginKey" : NumberLong("-2333053061570445416") }
2023-02-19 23:21:49.8967 AllServer 0001 (Session.cs:142) { "_t" : "A1001_GetUserInfo_C2G", "RpcId" : 3 }
2023-02-19 23:21:49.9127 AllServer 0001 (Session.cs:142) { "_t" : "DBQueryRequest", "RpcId" : 3, "_id" : NumberLong("101676704060"), "NeedCache" : true, "CollectionName" : "UserInfo" }
2023-02-19 23:21:49.9754 AllServer 0001 (Session.cs:142) { "_t" : "DBQueryResponse", "RpcId" : 3, "Error" : 0, "Message" : null, "Component" : { "_t" : "UserInfo", "_id" : NumberLong("101676704060"), "C" : [], "UserName" : "1", "Level" : 1, "Money" : NumberLong(10000), "Phone" : NumberLong(0), "Email" : null, "Sex" : null, "Title" : null, "LastPlay" : 0 } }
2023-02-19 23:24:18.9124 AllServer 0001 (Session.cs:142) { "_t" : "A0002_Login_C2R", "RpcId" : 1, "Account" : "1", "Password" : "1" }
2023-02-19 23:24:18.9282 AllServer 0001 (Session.cs:142) { "_t" : "DBQueryJsonRequest", "RpcId" : 4, "CollectionName" : "AccountInfo", "Json" : "{Account:'1',Password:'1'}" }
2023-02-19 23:24:18.9589 AllServer 0001 (Session.cs:142) { "_t" : "DBQueryJsonResponse", "Components" : [{ "_t" : "AccountInfo", "_id" : NumberLong("101676704060"), "C" : [], "Account" : "1", "Password" : "1" }], "RpcId" : 4, "Error" : 0, "Message" : null }
2023-02-19 23:24:18.9746 AllServer 0001 (Session.cs:142) { "_t" : "A0006_GetLoginKey_R2G", "RpcId" : 5, "UserID" : NumberLong("101676704060") }
2023-02-19 23:24:18.9904 AllServer 0001 (Session.cs:142) { "_t" : "A0006_GetLoginKey_G2R", "RpcId" : 5, "Error" : 0, "Message" : null, "GateLoginKey" : NumberLong("-4824657541677701197") }
2023-02-19 23:24:19.0222 AllServer 0001 (Session.cs:142) { "_t" : "A0003_LoginGate_C2G", "RpcId" : 2, "GateLoginKey" : NumberLong("-4824657541677701197") }
2023-02-19 23:24:19.0536 AllServer 0001 (Session.cs:142) { "_t" : "A1001_GetUserInfo_C2G", "RpcId" : 3 }
2023-02-19 23:24:19.0685 AllServer 0001 (Session.cs:142) { "_t" : "DBQueryRequest", "RpcId" : 6, "_id" : NumberLong("101676704060"), "NeedCache" : true, "CollectionName" : "UserInfo" }
2023-02-19 23:24:19.0841 AllServer 0001 (Session.cs:142) { "_t" : "DBQueryResponse", "RpcId" : 6, "Error" : 0, "Message" : null, "Component" : { "_t" : "UserInfo", "_id" : NumberLong("101676704060"), "C" : [], "UserName" : "1", "Level" : 1, "Money" : NumberLong(10000), "Phone" : NumberLong(0), "Email" : null, "Sex" : null, "Title" : null, "LastPlay" : 0 } }
2023-02-19 23:24:30.6727 AllServer 0001 (Session.cs:142) { "_t" : "A1002_SetUserInfo_C2G", "RpcId" : 4, "Phone" : NumberLong(1), "Email" : "1", "Sex" : "1", "Title" : "" }
2023-02-19 23:24:30.6871 AllServer 0001 (Session.cs:142) { "_t" : "DBQueryRequest", "RpcId" : 7, "_id" : NumberLong("101676704060"), "NeedCache" : true, "CollectionName" : "UserInfo" }
2023-02-19 23:24:30.7028 AllServer 0001 (Session.cs:142) { "_t" : "DBQueryResponse", "RpcId" : 7, "Error" : 0, "Message" : null, "Component" : { "_t" : "UserInfo", "_id" : NumberLong("101676704060"), "C" : [], "UserName" : "1", "Level" : 1, "Money" : NumberLong(10000), "Phone" : NumberLong(0), "Email" : null, "Sex" : null, "Title" : null, "LastPlay" : 0 } }
2023-02-19 23:24:30.7193 AllServer 0001 (Session.cs:142) { "_t" : "DBSaveRequest", "RpcId" : 8, "NeedCache" : true, "CollectionName" : null, "Component" : { "_t" : "UserInfo", "_id" : NumberLong("101676704060"), "C" : [], "UserName" : "1", "Level" : 1, "Money" : NumberLong(10000), "Phone" : NumberLong(1), "Email" : "1", "Sex" : "1", "Title" : null, "LastPlay" : 0 } }
2023-02-19 23:24:30.8121 AllServer 0001 (Session.cs:142) { "_t" : "DBSaveResponse", "RpcId" : 8, "Error" : 0, "Message" : null }
2023-02-19 23:28:41.8634 AllServer 0001 (Session.cs:142) { "_t" : "A0002_Login_C2R", "RpcId" : 1, "Account" : "1", "Password" : "1" }
2023-02-19 23:28:41.8918 AllServer 0001 (Session.cs:142) { "_t" : "DBQueryJsonRequest", "RpcId" : 1, "CollectionName" : "AccountInfo", "Json" : "{Account:'1',Password:'1'}" }
2023-02-19 23:28:41.9831 AllServer 0001 (Session.cs:142) { "_t" : "DBQueryJsonResponse", "Components" : [{ "_t" : "AccountInfo", "_id" : NumberLong("101676704060"), "C" : [], "Account" : "1", "Password" : "1" }], "RpcId" : 1, "Error" : 0, "Message" : null }
2023-02-19 23:28:41.9963 AllServer 0001 (Session.cs:142) { "_t" : "A0006_GetLoginKey_R2G", "RpcId" : 2, "UserID" : NumberLong("101676704060") }
2023-02-19 23:28:42.0120 AllServer 0001 (Session.cs:142) { "_t" : "A0006_GetLoginKey_G2R", "RpcId" : 2, "Error" : 0, "Message" : null, "GateLoginKey" : NumberLong("-1069201117602230274") }
2023-02-19 23:28:42.0310 AllServer 0001 (Session.cs:142) { "_t" : "A0003_LoginGate_C2G", "RpcId" : 2, "GateLoginKey" : NumberLong("-1069201117602230274") }
2023-02-19 23:28:42.0581 AllServer 0001 (Session.cs:142) { "_t" : "A1001_GetUserInfo_C2G", "RpcId" : 3 }
2023-02-19 23:28:42.0744 AllServer 0001 (Session.cs:142) { "_t" : "DBQueryRequest", "RpcId" : 3, "_id" : NumberLong("101676704060"), "NeedCache" : true, "CollectionName" : "UserInfo" }
2023-02-19 23:28:42.1382 AllServer 0001 (Session.cs:142) { "_t" : "DBQueryResponse", "RpcId" : 3, "Error" : 0, "Message" : null, "Component" : { "_t" : "UserInfo", "_id" : NumberLong("101676704060"), "C" : [], "UserName" : "1", "Level" : 1, "Money" : NumberLong(10000), "Phone" : NumberLong(1), "Email" : "1", "Sex" : "1", "Title" : null, "LastPlay" : 0 } }
2023-02-19 23:28:47.7554 AllServer 0001 (Session.cs:142) { "_t" : "A1002_SetUserInfo_C2G", "RpcId" : 4, "Phone" : NumberLong(2), "Email" : "3", "Sex" : "4", "Title" : "" }
2023-02-19 23:28:47.7692 AllServer 0001 (Session.cs:142) { "_t" : "DBQueryRequest", "RpcId" : 4, "_id" : NumberLong("101676704060"), "NeedCache" : true, "CollectionName" : "UserInfo" }
2023-02-19 23:28:47.7846 AllServer 0001 (Session.cs:142) { "_t" : "DBQueryResponse", "RpcId" : 4, "Error" : 0, "Message" : null, "Component" : { "_t" : "UserInfo", "_id" : NumberLong("101676704060"), "C" : [], "UserName" : "1", "Level" : 1, "Money" : NumberLong(10000), "Phone" : NumberLong(1), "Email" : "1", "Sex" : "1", "Title" : null, "LastPlay" : 0 } }
2023-02-19 23:28:47.8016 AllServer 0001 (Session.cs:142) { "_t" : "DBSaveRequest", "RpcId" : 5, "NeedCache" : true, "CollectionName" : null, "Component" : { "_t" : "UserInfo", "_id" : NumberLong("101676704060"), "C" : [], "UserName" : "1", "Level" : 1, "Money" : NumberLong(10000), "Phone" : NumberLong(2), "Email" : "3", "Sex" : "4", "Title" : null, "LastPlay" : 0 } }
2023-02-19 23:28:47.8796 AllServer 0001 (Session.cs:142) { "_t" : "DBSaveResponse", "RpcId" : 5, "Error" : 0, "Message" : null }
2023-02-19 23:29:52.5845 AllServer 0001 (Session.cs:142) { "_t" : "A0002_Login_C2R", "RpcId" : 1, "Account" : "1", "Password" : "1" }
2023-02-19 23:29:52.6131 AllServer 0001 (Session.cs:142) { "_t" : "DBQueryJsonRequest", "RpcId" : 1, "CollectionName" : "AccountInfo", "Json" : "{Account:'1',Password:'1'}" }
2023-02-19 23:29:52.7073 AllServer 0001 (Session.cs:142) { "_t" : "DBQueryJsonResponse", "Components" : [{ "_t" : "AccountInfo", "_id" : NumberLong("101676704060"), "C" : [], "Account" : "1", "Password" : "1" }], "RpcId" : 1, "Error" : 0, "Message" : null }
2023-02-19 23:29:52.7206 AllServer 0001 (Session.cs:142) { "_t" : "A0006_GetLoginKey_R2G", "RpcId" : 2, "UserID" : NumberLong("101676704060") }
2023-02-19 23:29:52.7365 AllServer 0001 (Session.cs:142) { "_t" : "A0006_GetLoginKey_G2R", "RpcId" : 2, "Error" : 0, "Message" : null, "GateLoginKey" : NumberLong("-8516173873951595588") }
2023-02-19 23:29:52.7685 AllServer 0001 (Session.cs:142) { "_t" : "A0003_LoginGate_C2G", "RpcId" : 2, "GateLoginKey" : NumberLong("-8516173873951595588") }
2023-02-19 23:29:52.7973 AllServer 0001 (Session.cs:142) { "_t" : "A1001_GetUserInfo_C2G", "RpcId" : 3 }
2023-02-19 23:29:52.8136 AllServer 0001 (Session.cs:142) { "_t" : "DBQueryRequest", "RpcId" : 3, "_id" : NumberLong("101676704060"), "NeedCache" : true, "CollectionName" : "UserInfo" }
2023-02-19 23:29:52.8757 AllServer 0001 (Session.cs:142) { "_t" : "DBQueryResponse", "RpcId" : 3, "Error" : 0, "Message" : null, "Component" : { "_t" : "UserInfo", "_id" : NumberLong("101676704060"), "C" : [], "UserName" : "1", "Level" : 1, "Money" : NumberLong(10000), "Phone" : NumberLong(2), "Email" : "3", "Sex" : "4", "Title" : null, "LastPlay" : 0 } }
2023-02-19 23:29:58.8371 AllServer 0001 (Session.cs:142) { "_t" : "A1002_SetUserInfo_C2G", "RpcId" : 4, "Phone" : NumberLong(1), "Email" : "1", "Sex" : "1", "Title" : "" }
2023-02-19 23:29:58.8508 AllServer 0001 (Session.cs:142) { "_t" : "DBQueryRequest", "RpcId" : 4, "_id" : NumberLong("101676704060"), "NeedCache" : true, "CollectionName" : "UserInfo" }
2023-02-19 23:29:58.8666 AllServer 0001 (Session.cs:142) { "_t" : "DBQueryResponse", "RpcId" : 4, "Error" : 0, "Message" : null, "Component" : { "_t" : "UserInfo", "_id" : NumberLong("101676704060"), "C" : [], "UserName" : "1", "Level" : 1, "Money" : NumberLong(10000), "Phone" : NumberLong(2), "Email" : "3", "Sex" : "4", "Title" : null, "LastPlay" : 0 } }
2023-02-19 23:29:58.8830 AllServer 0001 (Session.cs:142) { "_t" : "DBSaveRequest", "RpcId" : 5, "NeedCache" : true, "CollectionName" : null, "Component" : { "_t" : "UserInfo", "_id" : NumberLong("101676704060"), "C" : [], "UserName" : "1", "Level" : 1, "Money" : NumberLong(10000), "Phone" : NumberLong(1), "Email" : "1", "Sex" : "1", "Title" : null, "LastPlay" : 0 } }
2023-02-19 23:29:58.9744 AllServer 0001 (Session.cs:142) { "_t" : "DBSaveResponse", "RpcId" : 5, "Error" : 0, "Message" : null }
2023-02-19 23:34:18.0708 AllServer 0001 (Session.cs:142) { "_t" : "A0002_Login_C2R", "RpcId" : 1, "Account" : "1", "Password" : "1" }
2023-02-19 23:34:18.1039 AllServer 0001 (Session.cs:142) { "_t" : "DBQueryJsonRequest", "RpcId" : 1, "CollectionName" : "AccountInfo", "Json" : "{Account:'1',Password:'1'}" }
2023-02-19 23:34:18.1967 AllServer 0001 (Session.cs:142) { "_t" : "DBQueryJsonResponse", "Components" : [{ "_t" : "AccountInfo", "_id" : NumberLong("101676704060"), "C" : [], "Account" : "1", "Password" : "1" }], "RpcId" : 1, "Error" : 0, "Message" : null }
2023-02-19 23:34:18.2106 AllServer 0001 (Session.cs:142) { "_t" : "A0006_GetLoginKey_R2G", "RpcId" : 2, "UserID" : NumberLong("101676704060") }
2023-02-19 23:34:18.2275 AllServer 0001 (Session.cs:142) { "_t" : "A0006_GetLoginKey_G2R", "RpcId" : 2, "Error" : 0, "Message" : null, "GateLoginKey" : NumberLong("2211625598885421964") }
2023-02-19 23:34:18.2588 AllServer 0001 (Session.cs:142) { "_t" : "A0003_LoginGate_C2G", "RpcId" : 2, "GateLoginKey" : NumberLong("2211625598885421964") }
2023-02-19 23:34:18.2890 AllServer 0001 (Session.cs:142) { "_t" : "A1001_GetUserInfo_C2G", "RpcId" : 3 }
2023-02-19 23:34:18.3055 AllServer 0001 (Session.cs:142) { "_t" : "DBQueryRequest", "RpcId" : 3, "_id" : NumberLong("101676704060"), "NeedCache" : true, "CollectionName" : "UserInfo" }
2023-02-19 23:34:18.3804 AllServer 0001 (Session.cs:142) { "_t" : "DBQueryResponse", "RpcId" : 3, "Error" : 0, "Message" : null, "Component" : { "_t" : "UserInfo", "_id" : NumberLong("101676704060"), "C" : [], "UserName" : "1", "Level" : 1, "Money" : NumberLong(10000), "Phone" : NumberLong(1), "Email" : "1", "Sex" : "1", "Title" : null, "LastPlay" : 0 } }
2023-02-19 23:34:21.7965 AllServer 0001 (Session.cs:142) { "_t" : "A1002_SetUserInfo_C2G", "RpcId" : 4, "Phone" : NumberLong(1), "Email" : "1", "Sex" : "1", "Title" : "" }
2023-02-19 23:34:21.7965 AllServer 0001 (Session.cs:142) { "_t" : "DBQueryRequest", "RpcId" : 4, "_id" : NumberLong("101676704060"), "NeedCache" : true, "CollectionName" : "UserInfo" }
2023-02-19 23:34:21.8267 AllServer 0001 (Session.cs:142) { "_t" : "DBQueryResponse", "RpcId" : 4, "Error" : 0, "Message" : null, "Component" : { "_t" : "UserInfo", "_id" : NumberLong("101676704060"), "C" : [], "UserName" : "1", "Level" : 1, "Money" : NumberLong(10000), "Phone" : NumberLong(1), "Email" : "1", "Sex" : "1", "Title" : null, "LastPlay" : 0 } }
2023-02-19 23:34:21.8434 AllServer 0001 (Session.cs:142) { "_t" : "DBSaveRequest", "RpcId" : 5, "NeedCache" : true, "CollectionName" : null, "Component" : { "_t" : "UserInfo", "_id" : NumberLong("101676704060"), "C" : [], "UserName" : "1", "Level" : 1, "Money" : NumberLong(10000), "Phone" : NumberLong(1), "Email" : "1", "Sex" : "1", "Title" : null, "LastPlay" : 0 } }
2023-02-19 23:34:21.9182 AllServer 0001 (Session.cs:142) { "_t" : "DBSaveResponse", "RpcId" : 5, "Error" : 0, "Message" : null }
2023-02-19 23:42:39.4246 AllServer 0001 (Session.cs:142) { "_t" : "A0002_Login_C2R", "RpcId" : 1, "Account" : "1", "Password" : "1" }
2023-02-19 23:42:39.4599 AllServer 0001 (Session.cs:142) { "_t" : "DBQueryJsonRequest", "RpcId" : 1, "CollectionName" : "AccountInfo", "Json" : "{Account:'1',Password:'1'}" }
2023-02-19 23:42:39.5517 AllServer 0001 (Session.cs:142) { "_t" : "DBQueryJsonResponse", "Components" : [{ "_t" : "AccountInfo", "_id" : NumberLong("101676704060"), "C" : [], "Account" : "1", "Password" : "1" }], "RpcId" : 1, "Error" : 0, "Message" : null }
2023-02-19 23:42:39.5655 AllServer 0001 (Session.cs:142) { "_t" : "A0006_GetLoginKey_R2G", "RpcId" : 2, "UserID" : NumberLong("101676704060") }
2023-02-19 23:42:39.5811 AllServer 0001 (Session.cs:142) { "_t" : "A0006_GetLoginKey_G2R", "RpcId" : 2, "Error" : 0, "Message" : null, "GateLoginKey" : NumberLong("302552531289325029") }
2023-02-19 23:42:39.6005 AllServer 0001 (Session.cs:142) { "_t" : "A0003_LoginGate_C2G", "RpcId" : 2, "GateLoginKey" : NumberLong("302552531289325029") }
2023-02-19 23:42:39.6265 AllServer 0001 (Session.cs:142) { "_t" : "A1001_GetUserInfo_C2G", "RpcId" : 3 }
2023-02-19 23:42:39.6425 AllServer 0001 (Session.cs:142) { "_t" : "DBQueryRequest", "RpcId" : 3, "_id" : NumberLong("101676704060"), "NeedCache" : true, "CollectionName" : "UserInfo" }
2023-02-19 23:42:39.7042 AllServer 0001 (Session.cs:142) { "_t" : "DBQueryResponse", "RpcId" : 3, "Error" : 0, "Message" : null, "Component" : { "_t" : "UserInfo", "_id" : NumberLong("101676704060"), "C" : [], "UserName" : "1", "Level" : 1, "Money" : NumberLong(10000), "Phone" : NumberLong(1), "Email" : "1", "Sex" : "1", "Title" : null, "LastPlay" : 0 } }
2023-02-19 23:42:44.7273 AllServer 0001 (Session.cs:142) { "_t" : "A1002_SetUserInfo_C2G", "RpcId" : 4, "Phone" : NumberLong(1), "Email" : "1", "Sex" : "1", "Title" : "" }
2023-02-19 23:42:44.7413 AllServer 0001 (Session.cs:142) { "_t" : "DBQueryRequest", "RpcId" : 4, "_id" : NumberLong("101676704060"), "NeedCache" : true, "CollectionName" : "UserInfo" }
2023-02-19 23:42:44.7570 AllServer 0001 (Session.cs:142) { "_t" : "DBQueryResponse", "RpcId" : 4, "Error" : 0, "Message" : null, "Component" : { "_t" : "UserInfo", "_id" : NumberLong("101676704060"), "C" : [], "UserName" : "1", "Level" : 1, "Money" : NumberLong(10000), "Phone" : NumberLong(1), "Email" : "1", "Sex" : "1", "Title" : null, "LastPlay" : 0 } }
2023-02-19 23:42:44.7736 AllServer 0001 (Session.cs:142) { "_t" : "DBSaveRequest", "RpcId" : 5, "NeedCache" : true, "CollectionName" : null, "Component" : { "_t" : "UserInfo", "_id" : NumberLong("101676704060"), "C" : [], "UserName" : "1", "Level" : 1, "Money" : NumberLong(10000), "Phone" : NumberLong(1), "Email" : "1", "Sex" : "1", "Title" : null, "LastPlay" : 0 } }
2023-02-19 23:42:44.8510 AllServer 0001 (Session.cs:142) { "_t" : "DBSaveResponse", "RpcId" : 5, "Error" : 0, "Message" : null }
2023-02-19 23:49:45.5500 AllServer 0001 (Session.cs:142) { "_t" : "A0002_Login_C2R", "RpcId" : 1, "Account" : "1", "Password" : "1" }
2023-02-19 23:49:45.5806 AllServer 0001 (Session.cs:142) { "_t" : "DBQueryJsonRequest", "RpcId" : 1, "CollectionName" : "AccountInfo", "Json" : "{Account:'1',Password:'1'}" }
2023-02-19 23:49:45.6714 AllServer 0001 (Session.cs:142) { "_t" : "DBQueryJsonResponse", "Components" : [{ "_t" : "AccountInfo", "_id" : NumberLong("101676704060"), "C" : [], "Account" : "1", "Password" : "1" }], "RpcId" : 1, "Error" : 0, "Message" : null }
2023-02-19 23:49:45.6714 AllServer 0001 (Session.cs:142) { "_t" : "A0006_GetLoginKey_R2G", "RpcId" : 2, "UserID" : NumberLong("101676704060") }
2023-02-19 23:49:45.7019 AllServer 0001 (Session.cs:142) { "_t" : "A0006_GetLoginKey_G2R", "RpcId" : 2, "Error" : 0, "Message" : null, "GateLoginKey" : NumberLong("3343311397101573466") }
2023-02-19 23:49:45.7225 AllServer 0001 (Session.cs:142) { "_t" : "A0003_LoginGate_C2G", "RpcId" : 2, "GateLoginKey" : NumberLong("3343311397101573466") }
2023-02-19 23:49:45.7478 AllServer 0001 (Session.cs:142) { "_t" : "A1001_GetUserInfo_C2G", "RpcId" : 3 }
2023-02-19 23:49:45.7643 AllServer 0001 (Session.cs:142) { "_t" : "DBQueryRequest", "RpcId" : 3, "_id" : NumberLong("101676704060"), "NeedCache" : true, "CollectionName" : "UserInfo" }
2023-02-19 23:49:45.8413 AllServer 0001 (Session.cs:142) { "_t" : "DBQueryResponse", "RpcId" : 3, "Error" : 0, "Message" : null, "Component" : { "_t" : "UserInfo", "_id" : NumberLong("101676704060"), "C" : [], "UserName" : "1", "Level" : 1, "Money" : NumberLong(10000), "Phone" : NumberLong(1), "Email" : "1", "Sex" : "1", "Title" : "贫农", "LastPlay" : 0 } }
2023-02-19 23:49:52.8513 AllServer 0001 (Session.cs:142) { "_t" : "A1002_SetUserInfo_C2G", "RpcId" : 4, "Phone" : NumberLong(2), "Email" : "3", "Sex" : "4", "Title" : "" }
2023-02-19 23:49:52.8652 AllServer 0001 (Session.cs:142) { "_t" : "DBQueryRequest", "RpcId" : 4, "_id" : NumberLong("101676704060"), "NeedCache" : true, "CollectionName" : "UserInfo" }
2023-02-19 23:49:52.8804 AllServer 0001 (Session.cs:142) { "_t" : "DBQueryResponse", "RpcId" : 4, "Error" : 0, "Message" : null, "Component" : { "_t" : "UserInfo", "_id" : NumberLong("101676704060"), "C" : [], "UserName" : "1", "Level" : 1, "Money" : NumberLong(10000), "Phone" : NumberLong(1), "Email" : "1", "Sex" : "1", "Title" : "贫农", "LastPlay" : 0 } }
2023-02-19 23:49:52.8968 AllServer 0001 (Session.cs:142) { "_t" : "DBSaveRequest", "RpcId" : 5, "NeedCache" : true, "CollectionName" : null, "Component" : { "_t" : "UserInfo", "_id" : NumberLong("101676704060"), "C" : [], "UserName" : "1", "Level" : 1, "Money" : NumberLong(10000), "Phone" : NumberLong(2), "Email" : "3", "Sex" : "4", "Title" : "贫农", "LastPlay" : 0 } }
2023-02-19 23:49:52.9748 AllServer 0001 (Session.cs:142) { "_t" : "DBSaveResponse", "RpcId" : 5, "Error" : 0, "Message" : null }
