2023-02-19 23:21:50.0140 AllServer 0001 System.ArgumentNullException: Value cannot be null.
Parameter name: value
   at Google.Protobuf.ProtoPreconditions.CheckNotNull[T](T value, String name) in E:\EtLandLords\Landlords_Server01\Server\ThirdParty\Google.Protobuf\ProtoPreconditions.cs:line 57
   at ETModel.A1001_GetUserInfo_G2C.set_Email(String value) in E:\EtLandLords\Landlords_Server01\Server\ET.Core\Module\Message\HotfixMessage.cs:line 127
   at ETHotfix.A1001_GetUserInfo_Handler.Run(Session session, A1001_GetUserInfo_C2G request, A1001_GetUserInfo_G2C response, Action reply) in E:\EtLandLords\Landlords_Server01\Server\Hotfix\Landlords\Handler\Gate\A1001_GetUserInfo_Handler.cs:line 31 
 SetExistingTaskResult at offset 97 in file:line:column <filename unknown>:0:0
TrySetResult at offset 145 in file:line:column <filename unknown>:0:0
RunContinuations at offset 440 in file:line:column <filename unknown>:0:0
RunCallback at offset 71 in file:line:column <filename unknown>:0:0
<OutputWaitEtwEvents>b__12_0 at offset 323 in file:line:column <filename unknown>:0:0
Run at offset 73 in file:line:column E:\EtLandLords\Landlords_Server01\Server\ET.Core\Base\Async\MoveNextRunner.cs:12:13
MoveNext at offset 1118 in file:line:column E:\EtLandLords\Landlords_Server01\Server\Hotfix\Landlords\Handler\Gate\A1001_GetUserInfo_Handler.cs:31:17
ReplyError at offset 75 in file:line:column E:\EtLandLords\Landlords_Server01\Server\ET.Core\Module\Message\AMRpcHandler.cs:9:4
Error at offset 124 in file:line:column E:\EtLandLords\Landlords_Server01\Server\ET.Core\Base\Log.cs:32:4
Error at offset 64 in file:line:column E:\EtLandLords\Landlords_Server01\Server\ET.Core\Base\Logger\NLogAdapter.cs:32:4

2023-02-19 23:24:19.0222 AllServer 0001 重复登录！ 
 Handle at offset 504 in file:line:column E:\EtLandLords\Landlords_Server01\Server\Hotfix\Module\Message\MessageDispatherComponentSystem.cs:92:6
Handle at offset 373 in file:line:column <filename unknown>:0:0
Start<TStateMachine> at offset 80 in file:line:column E:\EtLandLords\Landlords_Server01\Server\ET.Core\Base\Async\AsyncETVoidMethodBuilder.cs:74:13
MoveNext at offset 1394 in file:line:column E:\EtLandLords\Landlords_Server01\Server\ET.Core\Module\Message\AMRpcHandler.cs:45:6
Run at offset 296 in file:line:column <filename unknown>:0:0
Start<TStateMachine> at offset 80 in file:line:column E:\EtLandLords\Landlords_Server01\Server\ET.Core\Base\Async\AsyncETTaskMethodBuilder.cs:126:13
MoveNext at offset 609 in file:line:column E:\EtLandLords\Landlords_Server01\Server\Hotfix\Landlords\Handler\Gate\A0003_LoginGateHanler.cs:34:17
Add at offset 210 in file:line:column E:\EtLandLords\Landlords_Server01\Server\ET.Core\Landlords\Component\UserComponent.cs:25:17
Error at offset 82 in file:line:column E:\EtLandLords\Landlords_Server01\Server\ET.Core\Base\Log.cs:37:4
Error at offset 64 in file:line:column E:\EtLandLords\Landlords_Server01\Server\ET.Core\Base\Logger\NLogAdapter.cs:32:4

2023-02-19 23:24:19.0969 AllServer 0001 System.ArgumentNullException: Value cannot be null.
Parameter name: value
   at Google.Protobuf.ProtoPreconditions.CheckNotNull[T](T value, String name) in E:\EtLandLords\Landlords_Server01\Server\ThirdParty\Google.Protobuf\ProtoPreconditions.cs:line 57
   at ETModel.A1001_GetUserInfo_G2C.set_Email(String value) in E:\EtLandLords\Landlords_Server01\Server\ET.Core\Module\Message\HotfixMessage.cs:line 127
   at ETHotfix.A1001_GetUserInfo_Handler.Run(Session session, A1001_GetUserInfo_C2G request, A1001_GetUserInfo_G2C response, Action reply) in E:\EtLandLords\Landlords_Server01\Server\Hotfix\Landlords\Handler\Gate\A1001_GetUserInfo_Handler.cs:line 31 
 SetExistingTaskResult at offset 97 in file:line:column <filename unknown>:0:0
TrySetResult at offset 145 in file:line:column <filename unknown>:0:0
RunContinuations at offset 440 in file:line:column <filename unknown>:0:0
RunCallback at offset 71 in file:line:column <filename unknown>:0:0
<OutputWaitEtwEvents>b__12_0 at offset 323 in file:line:column <filename unknown>:0:0
Run at offset 73 in file:line:column E:\EtLandLords\Landlords_Server01\Server\ET.Core\Base\Async\MoveNextRunner.cs:12:13
MoveNext at offset 1118 in file:line:column E:\EtLandLords\Landlords_Server01\Server\Hotfix\Landlords\Handler\Gate\A1001_GetUserInfo_Handler.cs:31:17
ReplyError at offset 75 in file:line:column E:\EtLandLords\Landlords_Server01\Server\ET.Core\Module\Message\AMRpcHandler.cs:9:4
Error at offset 124 in file:line:column E:\EtLandLords\Landlords_Server01\Server\ET.Core\Base\Log.cs:32:4
Error at offset 64 in file:line:column E:\EtLandLords\Landlords_Server01\Server\ET.Core\Base\Logger\NLogAdapter.cs:32:4

2023-02-19 23:24:30.8292 AllServer 0001 System.ArgumentNullException: Value cannot be null.
Parameter name: value
   at Google.Protobuf.ProtoPreconditions.CheckNotNull[T](T value, String name) in E:\EtLandLords\Landlords_Server01\Server\ThirdParty\Google.Protobuf\ProtoPreconditions.cs:line 57
   at ETModel.A1002_SetUserInfo_G2C.set_Title(String value) in E:\EtLandLords\Landlords_Server01\Server\ET.Core\Module\Message\HotfixMessage.cs:line 499
   at ETHotfix.A1002_SetUserInfo_Handler.Run(Session session, A1002_SetUserInfo_C2G request, A1002_SetUserInfo_G2C response, Action reply) in E:\EtLandLords\Landlords_Server01\Server\Hotfix\Landlords\Handler\Gate\A1002_SetUserInfo_Handler.cs:line 39 
 SetExistingTaskResult at offset 89 in file:line:column <filename unknown>:0:0
TrySetResult at offset 141 in file:line:column <filename unknown>:0:0
RunContinuations at offset 440 in file:line:column <filename unknown>:0:0
RunCallback at offset 71 in file:line:column <filename unknown>:0:0
<OutputWaitEtwEvents>b__12_0 at offset 323 in file:line:column <filename unknown>:0:0
Run at offset 73 in file:line:column E:\EtLandLords\Landlords_Server01\Server\ET.Core\Base\Async\MoveNextRunner.cs:12:13
MoveNext at offset 1607 in file:line:column E:\EtLandLords\Landlords_Server01\Server\Hotfix\Landlords\Handler\Gate\A1002_SetUserInfo_Handler.cs:39:17
ReplyError at offset 75 in file:line:column E:\EtLandLords\Landlords_Server01\Server\ET.Core\Module\Message\AMRpcHandler.cs:9:4
Error at offset 124 in file:line:column E:\EtLandLords\Landlords_Server01\Server\ET.Core\Base\Log.cs:32:4
Error at offset 64 in file:line:column E:\EtLandLords\Landlords_Server01\Server\ET.Core\Base\Logger\NLogAdapter.cs:32:4

2023-02-19 23:28:42.1602 AllServer 0001 System.ArgumentNullException: Value cannot be null.
Parameter name: value
   at Google.Protobuf.ProtoPreconditions.CheckNotNull[T](T value, String name) in E:\EtLandLords\Landlords_Server01\Server\ThirdParty\Google.Protobuf\ProtoPreconditions.cs:line 57
   at ETModel.A1001_GetUserInfo_G2C.set_Title(String value) in E:\EtLandLords\Landlords_Server01\Server\ET.Core\Module\Message\HotfixMessage.cs:line 143
   at ETHotfix.A1001_GetUserInfo_Handler.Run(Session session, A1001_GetUserInfo_C2G request, A1001_GetUserInfo_G2C response, Action reply) in E:\EtLandLords\Landlords_Server01\Server\Hotfix\Landlords\Handler\Gate\A1001_GetUserInfo_Handler.cs:line 33 
 SetExistingTaskResult at offset 97 in file:line:column <filename unknown>:0:0
TrySetResult at offset 145 in file:line:column <filename unknown>:0:0
RunContinuations at offset 440 in file:line:column <filename unknown>:0:0
RunCallback at offset 71 in file:line:column <filename unknown>:0:0
<OutputWaitEtwEvents>b__12_0 at offset 323 in file:line:column <filename unknown>:0:0
Run at offset 73 in file:line:column E:\EtLandLords\Landlords_Server01\Server\ET.Core\Base\Async\MoveNextRunner.cs:12:13
MoveNext at offset 1248 in file:line:column E:\EtLandLords\Landlords_Server01\Server\Hotfix\Landlords\Handler\Gate\A1001_GetUserInfo_Handler.cs:33:17
ReplyError at offset 75 in file:line:column E:\EtLandLords\Landlords_Server01\Server\ET.Core\Module\Message\AMRpcHandler.cs:9:4
Error at offset 124 in file:line:column E:\EtLandLords\Landlords_Server01\Server\ET.Core\Base\Log.cs:32:4
Error at offset 64 in file:line:column E:\EtLandLords\Landlords_Server01\Server\ET.Core\Base\Logger\NLogAdapter.cs:32:4

2023-02-19 23:28:47.8943 AllServer 0001 System.ArgumentNullException: Value cannot be null.
Parameter name: value
   at Google.Protobuf.ProtoPreconditions.CheckNotNull[T](T value, String name) in E:\EtLandLords\Landlords_Server01\Server\ThirdParty\Google.Protobuf\ProtoPreconditions.cs:line 57
   at ETModel.A1002_SetUserInfo_G2C.set_Title(String value) in E:\EtLandLords\Landlords_Server01\Server\ET.Core\Module\Message\HotfixMessage.cs:line 499
   at ETHotfix.A1002_SetUserInfo_Handler.Run(Session session, A1002_SetUserInfo_C2G request, A1002_SetUserInfo_G2C response, Action reply) in E:\EtLandLords\Landlords_Server01\Server\Hotfix\Landlords\Handler\Gate\A1002_SetUserInfo_Handler.cs:line 39 
 SetExistingTaskResult at offset 89 in file:line:column <filename unknown>:0:0
TrySetResult at offset 141 in file:line:column <filename unknown>:0:0
RunContinuations at offset 440 in file:line:column <filename unknown>:0:0
RunCallback at offset 71 in file:line:column <filename unknown>:0:0
<OutputWaitEtwEvents>b__12_0 at offset 323 in file:line:column <filename unknown>:0:0
Run at offset 73 in file:line:column E:\EtLandLords\Landlords_Server01\Server\ET.Core\Base\Async\MoveNextRunner.cs:12:13
MoveNext at offset 1607 in file:line:column E:\EtLandLords\Landlords_Server01\Server\Hotfix\Landlords\Handler\Gate\A1002_SetUserInfo_Handler.cs:39:17
ReplyError at offset 75 in file:line:column E:\EtLandLords\Landlords_Server01\Server\ET.Core\Module\Message\AMRpcHandler.cs:9:4
Error at offset 124 in file:line:column E:\EtLandLords\Landlords_Server01\Server\ET.Core\Base\Log.cs:32:4
Error at offset 64 in file:line:column E:\EtLandLords\Landlords_Server01\Server\ET.Core\Base\Logger\NLogAdapter.cs:32:4

2023-02-19 23:29:52.8967 AllServer 0001 System.ArgumentNullException: Value cannot be null.
Parameter name: value
   at Google.Protobuf.ProtoPreconditions.CheckNotNull[T](T value, String name) in E:\EtLandLords\Landlords_Server01\Server\ThirdParty\Google.Protobuf\ProtoPreconditions.cs:line 57
   at ETModel.A1001_GetUserInfo_G2C.set_Title(String value) in E:\EtLandLords\Landlords_Server01\Server\ET.Core\Module\Message\HotfixMessage.cs:line 143
   at ETHotfix.A1001_GetUserInfo_Handler.Run(Session session, A1001_GetUserInfo_C2G request, A1001_GetUserInfo_G2C response, Action reply) in E:\EtLandLords\Landlords_Server01\Server\Hotfix\Landlords\Handler\Gate\A1001_GetUserInfo_Handler.cs:line 33 
 SetExistingTaskResult at offset 97 in file:line:column <filename unknown>:0:0
TrySetResult at offset 145 in file:line:column <filename unknown>:0:0
RunContinuations at offset 440 in file:line:column <filename unknown>:0:0
RunCallback at offset 71 in file:line:column <filename unknown>:0:0
<OutputWaitEtwEvents>b__12_0 at offset 323 in file:line:column <filename unknown>:0:0
Run at offset 73 in file:line:column E:\EtLandLords\Landlords_Server01\Server\ET.Core\Base\Async\MoveNextRunner.cs:12:13
MoveNext at offset 1248 in file:line:column E:\EtLandLords\Landlords_Server01\Server\Hotfix\Landlords\Handler\Gate\A1001_GetUserInfo_Handler.cs:33:17
ReplyError at offset 75 in file:line:column E:\EtLandLords\Landlords_Server01\Server\ET.Core\Module\Message\AMRpcHandler.cs:9:4
Error at offset 124 in file:line:column E:\EtLandLords\Landlords_Server01\Server\ET.Core\Base\Log.cs:32:4
Error at offset 64 in file:line:column E:\EtLandLords\Landlords_Server01\Server\ET.Core\Base\Logger\NLogAdapter.cs:32:4

2023-02-19 23:29:58.9894 AllServer 0001 System.ArgumentNullException: Value cannot be null.
Parameter name: value
   at Google.Protobuf.ProtoPreconditions.CheckNotNull[T](T value, String name) in E:\EtLandLords\Landlords_Server01\Server\ThirdParty\Google.Protobuf\ProtoPreconditions.cs:line 57
   at ETModel.A1002_SetUserInfo_G2C.set_Title(String value) in E:\EtLandLords\Landlords_Server01\Server\ET.Core\Module\Message\HotfixMessage.cs:line 499
   at ETHotfix.A1002_SetUserInfo_Handler.Run(Session session, A1002_SetUserInfo_C2G request, A1002_SetUserInfo_G2C response, Action reply) in E:\EtLandLords\Landlords_Server01\Server\Hotfix\Landlords\Handler\Gate\A1002_SetUserInfo_Handler.cs:line 39 
 SetExistingTaskResult at offset 89 in file:line:column <filename unknown>:0:0
TrySetResult at offset 141 in file:line:column <filename unknown>:0:0
RunContinuations at offset 440 in file:line:column <filename unknown>:0:0
RunCallback at offset 71 in file:line:column <filename unknown>:0:0
<OutputWaitEtwEvents>b__12_0 at offset 323 in file:line:column <filename unknown>:0:0
Run at offset 73 in file:line:column E:\EtLandLords\Landlords_Server01\Server\ET.Core\Base\Async\MoveNextRunner.cs:12:13
MoveNext at offset 1607 in file:line:column E:\EtLandLords\Landlords_Server01\Server\Hotfix\Landlords\Handler\Gate\A1002_SetUserInfo_Handler.cs:39:17
ReplyError at offset 75 in file:line:column E:\EtLandLords\Landlords_Server01\Server\ET.Core\Module\Message\AMRpcHandler.cs:9:4
Error at offset 124 in file:line:column E:\EtLandLords\Landlords_Server01\Server\ET.Core\Base\Log.cs:32:4
Error at offset 64 in file:line:column E:\EtLandLords\Landlords_Server01\Server\ET.Core\Base\Logger\NLogAdapter.cs:32:4

2023-02-19 23:34:18.4011 AllServer 0001 System.ArgumentNullException: Value cannot be null.
Parameter name: value
   at Google.Protobuf.ProtoPreconditions.CheckNotNull[T](T value, String name) in E:\EtLandLords\Landlords_Server01\Server\ThirdParty\Google.Protobuf\ProtoPreconditions.cs:line 57
   at ETModel.A1001_GetUserInfo_G2C.set_Title(String value) in E:\EtLandLords\Landlords_Server01\Server\ET.Core\Module\Message\HotfixMessage.cs:line 143
   at ETHotfix.A1001_GetUserInfo_Handler.Run(Session session, A1001_GetUserInfo_C2G request, A1001_GetUserInfo_G2C response, Action reply) in E:\EtLandLords\Landlords_Server01\Server\Hotfix\Landlords\Handler\Gate\A1001_GetUserInfo_Handler.cs:line 33 
 SetExistingTaskResult at offset 97 in file:line:column <filename unknown>:0:0
TrySetResult at offset 145 in file:line:column <filename unknown>:0:0
RunContinuations at offset 440 in file:line:column <filename unknown>:0:0
RunCallback at offset 71 in file:line:column <filename unknown>:0:0
<OutputWaitEtwEvents>b__12_0 at offset 323 in file:line:column <filename unknown>:0:0
Run at offset 73 in file:line:column E:\EtLandLords\Landlords_Server01\Server\ET.Core\Base\Async\MoveNextRunner.cs:12:13
MoveNext at offset 1248 in file:line:column E:\EtLandLords\Landlords_Server01\Server\Hotfix\Landlords\Handler\Gate\A1001_GetUserInfo_Handler.cs:33:17
ReplyError at offset 75 in file:line:column E:\EtLandLords\Landlords_Server01\Server\ET.Core\Module\Message\AMRpcHandler.cs:9:4
Error at offset 124 in file:line:column E:\EtLandLords\Landlords_Server01\Server\ET.Core\Base\Log.cs:32:4
Error at offset 64 in file:line:column E:\EtLandLords\Landlords_Server01\Server\ET.Core\Base\Logger\NLogAdapter.cs:32:4

2023-02-19 23:34:21.9331 AllServer 0001 System.ArgumentNullException: Value cannot be null.
Parameter name: value
   at Google.Protobuf.ProtoPreconditions.CheckNotNull[T](T value, String name) in E:\EtLandLords\Landlords_Server01\Server\ThirdParty\Google.Protobuf\ProtoPreconditions.cs:line 57
   at ETModel.A1002_SetUserInfo_G2C.set_Title(String value) in E:\EtLandLords\Landlords_Server01\Server\ET.Core\Module\Message\HotfixMessage.cs:line 499
   at ETHotfix.A1002_SetUserInfo_Handler.Run(Session session, A1002_SetUserInfo_C2G request, A1002_SetUserInfo_G2C response, Action reply) in E:\EtLandLords\Landlords_Server01\Server\Hotfix\Landlords\Handler\Gate\A1002_SetUserInfo_Handler.cs:line 39 
 SetExistingTaskResult at offset 89 in file:line:column <filename unknown>:0:0
TrySetResult at offset 141 in file:line:column <filename unknown>:0:0
RunContinuations at offset 440 in file:line:column <filename unknown>:0:0
RunCallback at offset 71 in file:line:column <filename unknown>:0:0
<OutputWaitEtwEvents>b__12_0 at offset 323 in file:line:column <filename unknown>:0:0
Run at offset 73 in file:line:column E:\EtLandLords\Landlords_Server01\Server\ET.Core\Base\Async\MoveNextRunner.cs:12:13
MoveNext at offset 1607 in file:line:column E:\EtLandLords\Landlords_Server01\Server\Hotfix\Landlords\Handler\Gate\A1002_SetUserInfo_Handler.cs:39:17
ReplyError at offset 75 in file:line:column E:\EtLandLords\Landlords_Server01\Server\ET.Core\Module\Message\AMRpcHandler.cs:9:4
Error at offset 124 in file:line:column E:\EtLandLords\Landlords_Server01\Server\ET.Core\Base\Log.cs:32:4
Error at offset 64 in file:line:column E:\EtLandLords\Landlords_Server01\Server\ET.Core\Base\Logger\NLogAdapter.cs:32:4

2023-02-19 23:42:39.7265 AllServer 0001 System.ArgumentNullException: Value cannot be null.
Parameter name: value
   at Google.Protobuf.ProtoPreconditions.CheckNotNull[T](T value, String name) in E:\EtLandLords\Landlords_Server01\Server\ThirdParty\Google.Protobuf\ProtoPreconditions.cs:line 57
   at ETModel.A1001_GetUserInfo_G2C.set_Title(String value) in E:\EtLandLords\Landlords_Server01\Server\ET.Core\Module\Message\HotfixMessage.cs:line 143
   at ETHotfix.A1001_GetUserInfo_Handler.Run(Session session, A1001_GetUserInfo_C2G request, A1001_GetUserInfo_G2C response, Action reply) in E:\EtLandLords\Landlords_Server01\Server\Hotfix\Landlords\Handler\Gate\A1001_GetUserInfo_Handler.cs:line 33 
 SetExistingTaskResult at offset 97 in file:line:column <filename unknown>:0:0
TrySetResult at offset 145 in file:line:column <filename unknown>:0:0
RunContinuations at offset 440 in file:line:column <filename unknown>:0:0
RunCallback at offset 71 in file:line:column <filename unknown>:0:0
<OutputWaitEtwEvents>b__12_0 at offset 323 in file:line:column <filename unknown>:0:0
Run at offset 73 in file:line:column E:\EtLandLords\Landlords_Server01\Server\ET.Core\Base\Async\MoveNextRunner.cs:12:13
MoveNext at offset 1248 in file:line:column E:\EtLandLords\Landlords_Server01\Server\Hotfix\Landlords\Handler\Gate\A1001_GetUserInfo_Handler.cs:33:17
ReplyError at offset 75 in file:line:column E:\EtLandLords\Landlords_Server01\Server\ET.Core\Module\Message\AMRpcHandler.cs:9:4
Error at offset 124 in file:line:column E:\EtLandLords\Landlords_Server01\Server\ET.Core\Base\Log.cs:32:4
Error at offset 64 in file:line:column E:\EtLandLords\Landlords_Server01\Server\ET.Core\Base\Logger\NLogAdapter.cs:32:4

2023-02-19 23:42:44.8673 AllServer 0001 System.ArgumentNullException: Value cannot be null.
Parameter name: value
   at Google.Protobuf.ProtoPreconditions.CheckNotNull[T](T value, String name) in E:\EtLandLords\Landlords_Server01\Server\ThirdParty\Google.Protobuf\ProtoPreconditions.cs:line 57
   at ETModel.A1002_SetUserInfo_G2C.set_Title(String value) in E:\EtLandLords\Landlords_Server01\Server\ET.Core\Module\Message\HotfixMessage.cs:line 499
   at ETHotfix.A1002_SetUserInfo_Handler.Run(Session session, A1002_SetUserInfo_C2G request, A1002_SetUserInfo_G2C response, Action reply) in E:\EtLandLords\Landlords_Server01\Server\Hotfix\Landlords\Handler\Gate\A1002_SetUserInfo_Handler.cs:line 39 
 SetExistingTaskResult at offset 89 in file:line:column <filename unknown>:0:0
TrySetResult at offset 141 in file:line:column <filename unknown>:0:0
RunContinuations at offset 440 in file:line:column <filename unknown>:0:0
RunCallback at offset 71 in file:line:column <filename unknown>:0:0
<OutputWaitEtwEvents>b__12_0 at offset 323 in file:line:column <filename unknown>:0:0
Run at offset 73 in file:line:column E:\EtLandLords\Landlords_Server01\Server\ET.Core\Base\Async\MoveNextRunner.cs:12:13
MoveNext at offset 1607 in file:line:column E:\EtLandLords\Landlords_Server01\Server\Hotfix\Landlords\Handler\Gate\A1002_SetUserInfo_Handler.cs:39:17
ReplyError at offset 75 in file:line:column E:\EtLandLords\Landlords_Server01\Server\ET.Core\Module\Message\AMRpcHandler.cs:9:4
Error at offset 124 in file:line:column E:\EtLandLords\Landlords_Server01\Server\ET.Core\Base\Log.cs:32:4
Error at offset 64 in file:line:column E:\EtLandLords\Landlords_Server01\Server\ET.Core\Base\Logger\NLogAdapter.cs:32:4

