2023-03-05 12:01:27.5226 AllServer 0001 System.Exception: not found message handler: { "_t" : "Actor_MatchSucess_M2G", "ActorId" : NumberLong("281474976710731"), "GamerID" : NumberLong("281474976710740") }
   at ETHotfix.ActorMessageDispatcherComponentHelper.Handle(ActorMessageDispatcherComponent self, Entity entity, ActorMessageInfo actorMessageInfo) in D:\Backup\CsProject\EtLandLords\Landlords_Server01\Server\Hotfix\Module\Actor\ActorMessageDispatcherComponentSystem.cs:line 82
   at ETModel.ETTaskCompletionSource.ETModel.IAwaiter.GetResult() in D:\Backup\CsProject\EtLandLords\Landlords_Server01\Server\ET.Core\Base\Async\ETTaskCompletionSource.cs:line 32
   at ETModel.ETTask.GetResult() in D:\Backup\CsProject\EtLandLords\Landlords_Server01\Server\ET.Core\Base\Async\ETTask.cs:line 33
   at ETModel.ETTask.Awaiter.GetResult() in D:\Backup\CsProject\EtLandLords\Landlords_Server01\Server\ET.Core\Base\Async\ETTask.cs:line 98
   at ETHotfix.MailboxMessageDispatcherHandler.Handle(Session session, Entity entity, Object actorMessage) in D:\Backup\CsProject\EtLandLords\Landlords_Server01\Server\Hotfix\Module\Actor\MailboxMessageDispatcherHandler.cs:line 16 
 Run at offset 73 in file:line:column D:\Backup\CsProject\EtLandLords\Landlords_Server01\Server\ET.Core\Base\Async\MoveNextRunner.cs:12:13
MoveNext at offset 894 in file:line:column D:\Backup\CsProject\EtLandLords\Landlords_Server01\Server\Hotfix\Module\Actor\MailBoxComponentSystem.cs:97:6
Handle at offset 254 in file:line:column <filename unknown>:0:0
Start<TStateMachine> at offset 80 in file:line:column D:\Backup\CsProject\EtLandLords\Landlords_Server01\Server\ET.Core\Base\Async\AsyncETTaskMethodBuilder.cs:126:13
MoveNext at offset 284 in file:line:column D:\Backup\CsProject\EtLandLords\Landlords_Server01\Server\Hotfix\Module\Actor\MailboxDispatcherComponentSystem.cs:75:5
Handle at offset 276 in file:line:column <filename unknown>:0:0
Start<TStateMachine> at offset 80 in file:line:column D:\Backup\CsProject\EtLandLords\Landlords_Server01\Server\ET.Core\Base\Async\AsyncETTaskMethodBuilder.cs:126:13
MoveNext at offset 584 in file:line:column D:\Backup\CsProject\EtLandLords\Landlords_Server01\Server\Hotfix\Module\Actor\MailboxMessageDispatcherHandler.cs:16:5
Error at offset 124 in file:line:column D:\Backup\CsProject\EtLandLords\Landlords_Server01\Server\ET.Core\Base\Log.cs:32:4
Error at offset 64 in file:line:column D:\Backup\CsProject\EtLandLords\Landlords_Server01\Server\ET.Core\Base\Logger\NLogAdapter.cs:32:4

2023-03-05 12:03:13.1156 AllServer 0001 System.Exception: not found message handler: { "_t" : "Actor_MatchSucess_M2G", "ActorId" : NumberLong("281474976710731"), "GamerID" : NumberLong("281474976710740") }
   at ETHotfix.ActorMessageDispatcherComponentHelper.Handle(ActorMessageDispatcherComponent self, Entity entity, ActorMessageInfo actorMessageInfo) in D:\Backup\CsProject\EtLandLords\Landlords_Server01\Server\Hotfix\Module\Actor\ActorMessageDispatcherComponentSystem.cs:line 82
   at ETModel.ETTaskCompletionSource.ETModel.IAwaiter.GetResult() in D:\Backup\CsProject\EtLandLords\Landlords_Server01\Server\ET.Core\Base\Async\ETTaskCompletionSource.cs:line 32
   at ETModel.ETTask.GetResult() in D:\Backup\CsProject\EtLandLords\Landlords_Server01\Server\ET.Core\Base\Async\ETTask.cs:line 33
   at ETModel.ETTask.Awaiter.GetResult() in D:\Backup\CsProject\EtLandLords\Landlords_Server01\Server\ET.Core\Base\Async\ETTask.cs:line 98
   at ETHotfix.MailboxMessageDispatcherHandler.Handle(Session session, Entity entity, Object actorMessage) in D:\Backup\CsProject\EtLandLords\Landlords_Server01\Server\Hotfix\Module\Actor\MailboxMessageDispatcherHandler.cs:line 16 
 Run at offset 73 in file:line:column D:\Backup\CsProject\EtLandLords\Landlords_Server01\Server\ET.Core\Base\Async\MoveNextRunner.cs:12:13
MoveNext at offset 894 in file:line:column D:\Backup\CsProject\EtLandLords\Landlords_Server01\Server\Hotfix\Module\Actor\MailBoxComponentSystem.cs:97:6
Handle at offset 254 in file:line:column <filename unknown>:0:0
Start<TStateMachine> at offset 80 in file:line:column D:\Backup\CsProject\EtLandLords\Landlords_Server01\Server\ET.Core\Base\Async\AsyncETTaskMethodBuilder.cs:126:13
MoveNext at offset 284 in file:line:column D:\Backup\CsProject\EtLandLords\Landlords_Server01\Server\Hotfix\Module\Actor\MailboxDispatcherComponentSystem.cs:75:5
Handle at offset 276 in file:line:column <filename unknown>:0:0
Start<TStateMachine> at offset 80 in file:line:column D:\Backup\CsProject\EtLandLords\Landlords_Server01\Server\ET.Core\Base\Async\AsyncETTaskMethodBuilder.cs:126:13
MoveNext at offset 584 in file:line:column D:\Backup\CsProject\EtLandLords\Landlords_Server01\Server\Hotfix\Module\Actor\MailboxMessageDispatcherHandler.cs:16:5
Error at offset 124 in file:line:column D:\Backup\CsProject\EtLandLords\Landlords_Server01\Server\ET.Core\Base\Log.cs:32:4
Error at offset 64 in file:line:column D:\Backup\CsProject\EtLandLords\Landlords_Server01\Server\ET.Core\Base\Logger\NLogAdapter.cs:32:4

2023-03-05 12:05:37.8297 AllServer 0001 System.Exception: not found message handler: { "_t" : "Actor_MatchSucess_M2G", "ActorId" : NumberLong("281474976710731"), "GamerID" : NumberLong("281474976710740") }
   at ETHotfix.ActorMessageDispatcherComponentHelper.Handle(ActorMessageDispatcherComponent self, Entity entity, ActorMessageInfo actorMessageInfo) in D:\Backup\CsProject\EtLandLords\Landlords_Server01\Server\Hotfix\Module\Actor\ActorMessageDispatcherComponentSystem.cs:line 82
   at ETModel.ETTaskCompletionSource.ETModel.IAwaiter.GetResult() in D:\Backup\CsProject\EtLandLords\Landlords_Server01\Server\ET.Core\Base\Async\ETTaskCompletionSource.cs:line 32
   at ETModel.ETTask.GetResult() in D:\Backup\CsProject\EtLandLords\Landlords_Server01\Server\ET.Core\Base\Async\ETTask.cs:line 33
   at ETModel.ETTask.Awaiter.GetResult() in D:\Backup\CsProject\EtLandLords\Landlords_Server01\Server\ET.Core\Base\Async\ETTask.cs:line 98
   at ETHotfix.MailboxMessageDispatcherHandler.Handle(Session session, Entity entity, Object actorMessage) in D:\Backup\CsProject\EtLandLords\Landlords_Server01\Server\Hotfix\Module\Actor\MailboxMessageDispatcherHandler.cs:line 16 
 Run at offset 73 in file:line:column D:\Backup\CsProject\EtLandLords\Landlords_Server01\Server\ET.Core\Base\Async\MoveNextRunner.cs:12:13
MoveNext at offset 894 in file:line:column D:\Backup\CsProject\EtLandLords\Landlords_Server01\Server\Hotfix\Module\Actor\MailBoxComponentSystem.cs:97:6
Handle at offset 254 in file:line:column <filename unknown>:0:0
Start<TStateMachine> at offset 80 in file:line:column D:\Backup\CsProject\EtLandLords\Landlords_Server01\Server\ET.Core\Base\Async\AsyncETTaskMethodBuilder.cs:126:13
MoveNext at offset 284 in file:line:column D:\Backup\CsProject\EtLandLords\Landlords_Server01\Server\Hotfix\Module\Actor\MailboxDispatcherComponentSystem.cs:75:5
Handle at offset 276 in file:line:column <filename unknown>:0:0
Start<TStateMachine> at offset 80 in file:line:column D:\Backup\CsProject\EtLandLords\Landlords_Server01\Server\ET.Core\Base\Async\AsyncETTaskMethodBuilder.cs:126:13
MoveNext at offset 584 in file:line:column D:\Backup\CsProject\EtLandLords\Landlords_Server01\Server\Hotfix\Module\Actor\MailboxMessageDispatcherHandler.cs:16:5
Error at offset 124 in file:line:column D:\Backup\CsProject\EtLandLords\Landlords_Server01\Server\ET.Core\Base\Log.cs:32:4
Error at offset 64 in file:line:column D:\Backup\CsProject\EtLandLords\Landlords_Server01\Server\ET.Core\Base\Logger\NLogAdapter.cs:32:4

2023-03-05 12:06:12.5643 AllServer 0001 System.Exception: not found message handler: { "_t" : "Actor_MatchSucess_M2G", "ActorId" : NumberLong("281474976710731"), "GamerID" : NumberLong("281474976710740") }
   at ETHotfix.ActorMessageDispatcherComponentHelper.Handle(ActorMessageDispatcherComponent self, Entity entity, ActorMessageInfo actorMessageInfo) in D:\Backup\CsProject\EtLandLords\Landlords_Server01\Server\Hotfix\Module\Actor\ActorMessageDispatcherComponentSystem.cs:line 82
   at ETModel.ETTaskCompletionSource.ETModel.IAwaiter.GetResult() in D:\Backup\CsProject\EtLandLords\Landlords_Server01\Server\ET.Core\Base\Async\ETTaskCompletionSource.cs:line 32
   at ETModel.ETTask.GetResult() in D:\Backup\CsProject\EtLandLords\Landlords_Server01\Server\ET.Core\Base\Async\ETTask.cs:line 33
   at ETModel.ETTask.Awaiter.GetResult() in D:\Backup\CsProject\EtLandLords\Landlords_Server01\Server\ET.Core\Base\Async\ETTask.cs:line 98
   at ETHotfix.MailboxMessageDispatcherHandler.Handle(Session session, Entity entity, Object actorMessage) in D:\Backup\CsProject\EtLandLords\Landlords_Server01\Server\Hotfix\Module\Actor\MailboxMessageDispatcherHandler.cs:line 16 
 Run at offset 73 in file:line:column D:\Backup\CsProject\EtLandLords\Landlords_Server01\Server\ET.Core\Base\Async\MoveNextRunner.cs:12:13
MoveNext at offset 894 in file:line:column D:\Backup\CsProject\EtLandLords\Landlords_Server01\Server\Hotfix\Module\Actor\MailBoxComponentSystem.cs:97:6
Handle at offset 254 in file:line:column <filename unknown>:0:0
Start<TStateMachine> at offset 80 in file:line:column D:\Backup\CsProject\EtLandLords\Landlords_Server01\Server\ET.Core\Base\Async\AsyncETTaskMethodBuilder.cs:126:13
MoveNext at offset 284 in file:line:column D:\Backup\CsProject\EtLandLords\Landlords_Server01\Server\Hotfix\Module\Actor\MailboxDispatcherComponentSystem.cs:75:5
Handle at offset 276 in file:line:column <filename unknown>:0:0
Start<TStateMachine> at offset 80 in file:line:column D:\Backup\CsProject\EtLandLords\Landlords_Server01\Server\ET.Core\Base\Async\AsyncETTaskMethodBuilder.cs:126:13
MoveNext at offset 584 in file:line:column D:\Backup\CsProject\EtLandLords\Landlords_Server01\Server\Hotfix\Module\Actor\MailboxMessageDispatcherHandler.cs:16:5
Error at offset 124 in file:line:column D:\Backup\CsProject\EtLandLords\Landlords_Server01\Server\ET.Core\Base\Log.cs:32:4
Error at offset 64 in file:line:column D:\Backup\CsProject\EtLandLords\Landlords_Server01\Server\ET.Core\Base\Logger\NLogAdapter.cs:32:4

2023-03-05 12:16:45.7908 AllServer 0001 System.Exception: not found message handler: { "_t" : "Actor_MatchSucess_M2G", "ActorId" : NumberLong("281474976710731"), "GamerID" : NumberLong("281474976710740") }
   at ETHotfix.ActorMessageDispatcherComponentHelper.Handle(ActorMessageDispatcherComponent self, Entity entity, ActorMessageInfo actorMessageInfo) in D:\Backup\CsProject\EtLandLords\Landlords_Server01\Server\Hotfix\Module\Actor\ActorMessageDispatcherComponentSystem.cs:line 82
   at ETModel.ETTaskCompletionSource.ETModel.IAwaiter.GetResult() in D:\Backup\CsProject\EtLandLords\Landlords_Server01\Server\ET.Core\Base\Async\ETTaskCompletionSource.cs:line 32
   at ETModel.ETTask.GetResult() in D:\Backup\CsProject\EtLandLords\Landlords_Server01\Server\ET.Core\Base\Async\ETTask.cs:line 33
   at ETModel.ETTask.Awaiter.GetResult() in D:\Backup\CsProject\EtLandLords\Landlords_Server01\Server\ET.Core\Base\Async\ETTask.cs:line 98
   at ETHotfix.MailboxMessageDispatcherHandler.Handle(Session session, Entity entity, Object actorMessage) in D:\Backup\CsProject\EtLandLords\Landlords_Server01\Server\Hotfix\Module\Actor\MailboxMessageDispatcherHandler.cs:line 16 
 Run at offset 73 in file:line:column D:\Backup\CsProject\EtLandLords\Landlords_Server01\Server\ET.Core\Base\Async\MoveNextRunner.cs:12:13
MoveNext at offset 894 in file:line:column D:\Backup\CsProject\EtLandLords\Landlords_Server01\Server\Hotfix\Module\Actor\MailBoxComponentSystem.cs:97:6
Handle at offset 254 in file:line:column <filename unknown>:0:0
Start<TStateMachine> at offset 80 in file:line:column D:\Backup\CsProject\EtLandLords\Landlords_Server01\Server\ET.Core\Base\Async\AsyncETTaskMethodBuilder.cs:126:13
MoveNext at offset 284 in file:line:column D:\Backup\CsProject\EtLandLords\Landlords_Server01\Server\Hotfix\Module\Actor\MailboxDispatcherComponentSystem.cs:75:5
Handle at offset 276 in file:line:column <filename unknown>:0:0
Start<TStateMachine> at offset 80 in file:line:column D:\Backup\CsProject\EtLandLords\Landlords_Server01\Server\ET.Core\Base\Async\AsyncETTaskMethodBuilder.cs:126:13
MoveNext at offset 584 in file:line:column D:\Backup\CsProject\EtLandLords\Landlords_Server01\Server\Hotfix\Module\Actor\MailboxMessageDispatcherHandler.cs:16:5
Error at offset 124 in file:line:column D:\Backup\CsProject\EtLandLords\Landlords_Server01\Server\ET.Core\Base\Log.cs:32:4
Error at offset 64 in file:line:column D:\Backup\CsProject\EtLandLords\Landlords_Server01\Server\ET.Core\Base\Logger\NLogAdapter.cs:32:4

2023-03-05 12:20:51.9074 AllServer 0001 System.Exception: not found message handler: { "_t" : "Actor_MatchSucess_M2G", "ActorId" : NumberLong("281474976710731"), "GamerID" : NumberLong("281474976710740") }
   at ETHotfix.ActorMessageDispatcherComponentHelper.Handle(ActorMessageDispatcherComponent self, Entity entity, ActorMessageInfo actorMessageInfo) in D:\Backup\CsProject\EtLandLords\Landlords_Server01\Server\Hotfix\Module\Actor\ActorMessageDispatcherComponentSystem.cs:line 82
   at ETModel.ETTaskCompletionSource.ETModel.IAwaiter.GetResult() in D:\Backup\CsProject\EtLandLords\Landlords_Server01\Server\ET.Core\Base\Async\ETTaskCompletionSource.cs:line 32
   at ETModel.ETTask.GetResult() in D:\Backup\CsProject\EtLandLords\Landlords_Server01\Server\ET.Core\Base\Async\ETTask.cs:line 33
   at ETModel.ETTask.Awaiter.GetResult() in D:\Backup\CsProject\EtLandLords\Landlords_Server01\Server\ET.Core\Base\Async\ETTask.cs:line 98
   at ETHotfix.MailboxMessageDispatcherHandler.Handle(Session session, Entity entity, Object actorMessage) in D:\Backup\CsProject\EtLandLords\Landlords_Server01\Server\Hotfix\Module\Actor\MailboxMessageDispatcherHandler.cs:line 16 
 Run at offset 73 in file:line:column D:\Backup\CsProject\EtLandLords\Landlords_Server01\Server\ET.Core\Base\Async\MoveNextRunner.cs:12:13
MoveNext at offset 894 in file:line:column D:\Backup\CsProject\EtLandLords\Landlords_Server01\Server\Hotfix\Module\Actor\MailBoxComponentSystem.cs:97:6
Handle at offset 254 in file:line:column <filename unknown>:0:0
Start<TStateMachine> at offset 80 in file:line:column D:\Backup\CsProject\EtLandLords\Landlords_Server01\Server\ET.Core\Base\Async\AsyncETTaskMethodBuilder.cs:126:13
MoveNext at offset 284 in file:line:column D:\Backup\CsProject\EtLandLords\Landlords_Server01\Server\Hotfix\Module\Actor\MailboxDispatcherComponentSystem.cs:75:5
Handle at offset 276 in file:line:column <filename unknown>:0:0
Start<TStateMachine> at offset 80 in file:line:column D:\Backup\CsProject\EtLandLords\Landlords_Server01\Server\ET.Core\Base\Async\AsyncETTaskMethodBuilder.cs:126:13
MoveNext at offset 584 in file:line:column D:\Backup\CsProject\EtLandLords\Landlords_Server01\Server\Hotfix\Module\Actor\MailboxMessageDispatcherHandler.cs:16:5
Error at offset 124 in file:line:column D:\Backup\CsProject\EtLandLords\Landlords_Server01\Server\ET.Core\Base\Log.cs:32:4
Error at offset 64 in file:line:column D:\Backup\CsProject\EtLandLords\Landlords_Server01\Server\ET.Core\Base\Logger\NLogAdapter.cs:32:4

2023-03-05 12:21:22.0896 AllServer 0001 System.Exception: not found message handler: { "_t" : "Actor_MatchSucess_M2G", "ActorId" : NumberLong("281474976710731"), "GamerID" : NumberLong("281474976710740") }
   at ETHotfix.ActorMessageDispatcherComponentHelper.Handle(ActorMessageDispatcherComponent self, Entity entity, ActorMessageInfo actorMessageInfo) in D:\Backup\CsProject\EtLandLords\Landlords_Server01\Server\Hotfix\Module\Actor\ActorMessageDispatcherComponentSystem.cs:line 82
   at ETModel.ETTaskCompletionSource.ETModel.IAwaiter.GetResult() in D:\Backup\CsProject\EtLandLords\Landlords_Server01\Server\ET.Core\Base\Async\ETTaskCompletionSource.cs:line 32
   at ETModel.ETTask.GetResult() in D:\Backup\CsProject\EtLandLords\Landlords_Server01\Server\ET.Core\Base\Async\ETTask.cs:line 33
   at ETModel.ETTask.Awaiter.GetResult() in D:\Backup\CsProject\EtLandLords\Landlords_Server01\Server\ET.Core\Base\Async\ETTask.cs:line 98
   at ETHotfix.MailboxMessageDispatcherHandler.Handle(Session session, Entity entity, Object actorMessage) in D:\Backup\CsProject\EtLandLords\Landlords_Server01\Server\Hotfix\Module\Actor\MailboxMessageDispatcherHandler.cs:line 16 
 Run at offset 73 in file:line:column D:\Backup\CsProject\EtLandLords\Landlords_Server01\Server\ET.Core\Base\Async\MoveNextRunner.cs:12:13
MoveNext at offset 894 in file:line:column D:\Backup\CsProject\EtLandLords\Landlords_Server01\Server\Hotfix\Module\Actor\MailBoxComponentSystem.cs:97:6
Handle at offset 254 in file:line:column <filename unknown>:0:0
Start<TStateMachine> at offset 80 in file:line:column D:\Backup\CsProject\EtLandLords\Landlords_Server01\Server\ET.Core\Base\Async\AsyncETTaskMethodBuilder.cs:126:13
MoveNext at offset 284 in file:line:column D:\Backup\CsProject\EtLandLords\Landlords_Server01\Server\Hotfix\Module\Actor\MailboxDispatcherComponentSystem.cs:75:5
Handle at offset 276 in file:line:column <filename unknown>:0:0
Start<TStateMachine> at offset 80 in file:line:column D:\Backup\CsProject\EtLandLords\Landlords_Server01\Server\ET.Core\Base\Async\AsyncETTaskMethodBuilder.cs:126:13
MoveNext at offset 584 in file:line:column D:\Backup\CsProject\EtLandLords\Landlords_Server01\Server\Hotfix\Module\Actor\MailboxMessageDispatcherHandler.cs:16:5
Error at offset 124 in file:line:column D:\Backup\CsProject\EtLandLords\Landlords_Server01\Server\ET.Core\Base\Log.cs:32:4
Error at offset 64 in file:line:column D:\Backup\CsProject\EtLandLords\Landlords_Server01\Server\ET.Core\Base\Logger\NLogAdapter.cs:32:4

2023-03-05 17:00:04.5228 AllServer 0001 消息没有处理: 10019 { "_t" : "A0003_LoginGate_G2C", "RpcId" : 1, "Error" : 0, "Message" : "", "UserID" : NumberLong(0) } 
 OnRead at offset 76 in file:line:column D:\Backup\CsProject\EtLandLords\Landlords_Server01\Server\ET.Core\Module\Message\Session.cs:120:5
Run at offset 497 in file:line:column D:\Backup\CsProject\EtLandLords\Landlords_Server01\Server\ET.Core\Module\Message\Session.cs:154:4
RunMessage at offset 157 in file:line:column D:\Backup\CsProject\EtLandLords\Landlords_Server01\Server\ET.Core\Module\Message\Session.cs:160:4
Dispatch at offset 91 in file:line:column D:\Backup\CsProject\EtLandLords\Landlords_Server01\Server\Hotfix\Module\Message\OuterMessageDispatcher.cs:9:4
DispatchAsync at offset 265 in file:line:column <filename unknown>:0:0
Start<TStateMachine> at offset 80 in file:line:column D:\Backup\CsProject\EtLandLords\Landlords_Server01\Server\ET.Core\Base\Async\AsyncETVoidMethodBuilder.cs:74:13
MoveNext at offset 2384 in file:line:column D:\Backup\CsProject\EtLandLords\Landlords_Server01\Server\Hotfix\Module\Message\OuterMessageDispatcher.cs:82:7
Handle at offset 312 in file:line:column D:\Backup\CsProject\EtLandLords\Landlords_Server01\Server\Hotfix\Module\Message\MessageDispatherComponentSystem.cs:84:5
Error at offset 82 in file:line:column D:\Backup\CsProject\EtLandLords\Landlords_Server01\Server\ET.Core\Base\Log.cs:37:4
Error at offset 64 in file:line:column D:\Backup\CsProject\EtLandLords\Landlords_Server01\Server\ET.Core\Base\Logger\NLogAdapter.cs:32:4

2023-03-05 17:00:12.8884 AllServer 0001 消息没有处理: 10021 { "_t" : "A0002_Login_R2C", "RpcId" : 2, "Error" : 0, "Message" : "", "GateAddress" : "1", "GateLoginKey" : NumberLong(0) } 
 OnRead at offset 76 in file:line:column D:\Backup\CsProject\EtLandLords\Landlords_Server01\Server\ET.Core\Module\Message\Session.cs:120:5
Run at offset 497 in file:line:column D:\Backup\CsProject\EtLandLords\Landlords_Server01\Server\ET.Core\Module\Message\Session.cs:154:4
RunMessage at offset 157 in file:line:column D:\Backup\CsProject\EtLandLords\Landlords_Server01\Server\ET.Core\Module\Message\Session.cs:160:4
Dispatch at offset 91 in file:line:column D:\Backup\CsProject\EtLandLords\Landlords_Server01\Server\Hotfix\Module\Message\OuterMessageDispatcher.cs:9:4
DispatchAsync at offset 265 in file:line:column <filename unknown>:0:0
Start<TStateMachine> at offset 80 in file:line:column D:\Backup\CsProject\EtLandLords\Landlords_Server01\Server\ET.Core\Base\Async\AsyncETVoidMethodBuilder.cs:74:13
MoveNext at offset 2384 in file:line:column D:\Backup\CsProject\EtLandLords\Landlords_Server01\Server\Hotfix\Module\Message\OuterMessageDispatcher.cs:82:7
Handle at offset 312 in file:line:column D:\Backup\CsProject\EtLandLords\Landlords_Server01\Server\Hotfix\Module\Message\MessageDispatherComponentSystem.cs:84:5
Error at offset 82 in file:line:column D:\Backup\CsProject\EtLandLords\Landlords_Server01\Server\ET.Core\Base\Log.cs:37:4
Error at offset 64 in file:line:column D:\Backup\CsProject\EtLandLords\Landlords_Server01\Server\ET.Core\Base\Logger\NLogAdapter.cs:32:4

2023-03-05 17:00:43.3249 AllServer 0001 消息没有处理: 10019 { "_t" : "A0003_LoginGate_G2C", "RpcId" : 1, "Error" : 0, "Message" : "", "UserID" : NumberLong(0) } 
 OnRead at offset 76 in file:line:column D:\Backup\CsProject\EtLandLords\Landlords_Server01\Server\ET.Core\Module\Message\Session.cs:120:5
Run at offset 497 in file:line:column D:\Backup\CsProject\EtLandLords\Landlords_Server01\Server\ET.Core\Module\Message\Session.cs:154:4
RunMessage at offset 157 in file:line:column D:\Backup\CsProject\EtLandLords\Landlords_Server01\Server\ET.Core\Module\Message\Session.cs:160:4
Dispatch at offset 91 in file:line:column D:\Backup\CsProject\EtLandLords\Landlords_Server01\Server\Hotfix\Module\Message\OuterMessageDispatcher.cs:9:4
DispatchAsync at offset 265 in file:line:column <filename unknown>:0:0
Start<TStateMachine> at offset 80 in file:line:column D:\Backup\CsProject\EtLandLords\Landlords_Server01\Server\ET.Core\Base\Async\AsyncETVoidMethodBuilder.cs:74:13
MoveNext at offset 2384 in file:line:column D:\Backup\CsProject\EtLandLords\Landlords_Server01\Server\Hotfix\Module\Message\OuterMessageDispatcher.cs:82:7
Handle at offset 312 in file:line:column D:\Backup\CsProject\EtLandLords\Landlords_Server01\Server\Hotfix\Module\Message\MessageDispatherComponentSystem.cs:84:5
Error at offset 82 in file:line:column D:\Backup\CsProject\EtLandLords\Landlords_Server01\Server\ET.Core\Base\Log.cs:37:4
Error at offset 64 in file:line:column D:\Backup\CsProject\EtLandLords\Landlords_Server01\Server\ET.Core\Base\Logger\NLogAdapter.cs:32:4

